<?xml version="1.0" encoding="UTF-8"?>
<!-- Generated by org.testng.reporters.JUnitXMLReporter -->
<testsuite hostname="2S98FC2" ignored="1" name="amazonTest" tests="7" failures="0" timestamp="2020-11-08T17:55:58 IST" time="207.582" errors="0">
  <testcase name="signInButtonTest" time="2.871" classname="automation.Automation.SignInPageTest"/>
  <testcase name="createAccountLableTest" time="3.576" classname="automation.Automation.LoginPageTest"/>
  <testcase name="LoginAccountLableTest" time="0.745" classname="automation.Automation.LoginPageTest"/>
  <testcase name="ValidateSuccessfulLogin" time="67.568" classname="automation.Automation.LoginPageTest"/>
  <testcase name="SearchProduct" time="34.399" classname="automation.Automation.ProductSearchTest"/>
  <testcase name="addToCart" time="42.889" classname="automation.Automation.ProductSearchTest"/>
  <testcase name="cart" time="9.08" classname="automation.Automation.ProductSearchTest"/>
  <testcase name="ValidatedInvalidUserDetails" time="0.0" classname="automation.Automation.LoginPageTest">
    <ignored/>
  </testcase> <!-- ValidatedInvalidUserDetails -->
</testsuite> <!-- amazonTest -->
